# JRE version: OpenJDK Runtime Environment Temurin-21.0.10+7 (21.0.10+7) (build 21.0.10+7-LTS)
# Java VM: OpenJDK 64-Bit Server VM Temurin-21.0.10+7 (21.0.10+7-LTS, mixed mode, sharing, tiered, compressed oops, compressed class ptrs, parallel gc, windows-amd64)
GC Precious Log:
 CardTable entry size: 512
 CPUs: 8 total, 8 available
 Memory: 7941M
 Large Page Support: Disabled
 NUMA Support: Disabled
 Compressed Oops: Enabled (32-bit)
 Alignments: Space 512K, Generation 512K, Heap 2M
 Heap Min Capacity: 100M
 Heap Initial Capacity: 100M
 Heap Max Capacity: 2G
 Pre-touch: Disabled
 Parallel Workers: 8
Heap:
 PSYoungGen      total 23040K, used 15247K [0x00000000d5580000, 0x00000000d6e80000, 0x0000000100000000)
  eden space 21504K, 65% used [0x00000000d5580000,0x00000000d6343f40,0x00000000d6a80000)
  from space 1536K, 75% used [0x00000000d6a80000,0x00000000d6ba0000,0x00000000d6c00000)
  to   space 2048K, 0% used [0x00000000d6c80000,0x00000000d6c80000,0x00000000d6e80000)
 ParOldGen       total 68608K, used 23500K [0x0000000080000000, 0x0000000084300000, 0x00000000d5580000)
  object space 68608K, 34% used [0x0000000080000000,0x00000000816f31c0,0x0000000084300000)
 Metaspace       used 44186K, committed 45376K, reserved 1114112K
  class space    used 4821K, committed 5376K, reserved 1048576K
GC Heap History (20 events):
Event: 9.230 GC heap before
{Heap before GC invocations=10 (full 1):
 PSYoungGen      total 27136K, used 27082K [0x00000000d5580000, 0x00000000d7600000, 0x0000000100000000)
  eden space 24064K, 100% used [0x00000000d5580000,0x00000000d6d00000,0x00000000d6d00000)
  from space 3072K, 98% used [0x00000000d7300000,0x00000000d75f2b30,0x00000000d7600000)
  to   space 4096K, 0% used [0x00000000d6e00000,0x00000000d6e00000,0x00000000d7200000)
 ParOldGen       total 68608K, used 13354K [0x0000000080000000, 0x0000000084300000, 0x00000000d5580000)
  object space 68608K, 19% used [0x0000000080000000,0x0000000080d0a880,0x0000000084300000)
 Metaspace       used 26391K, committed 27264K, reserved 1114112K
  class space    used 2654K, committed 3008K, reserved 1048576K
}
Event: 9.232 GC heap after
{Heap after GC invocations=10 (full 1):
 PSYoungGen      total 25088K, used 1425K [0x00000000d5580000, 0x00000000d7380000, 0x0000000100000000)
  eden space 23552K, 0% used [0x00000000d5580000,0x00000000d5580000,0x00000000d6c80000)
  from space 1536K, 92% used [0x00000000d6e00000,0x00000000d6f64578,0x00000000d6f80000)
  to   space 2560K, 0% used [0x00000000d7100000,0x00000000d7100000,0x00000000d7380000)
 ParOldGen       total 68608K, used 13362K [0x0000000080000000, 0x0000000084300000, 0x00000000d5580000)
  object space 68608K, 19% used [0x0000000080000000,0x0000000080d0c880,0x0000000084300000)
 Metaspace       used 26391K, committed 27264K, reserved 1114112K
  class space    used 2654K, committed 3008K, reserved 1048576K
}
Event: 9.618 GC heap before
{Heap before GC invocations=11 (full 1):
 PSYoungGen      total 25088K, used 24977K [0x00000000d5580000, 0x00000000d7380000, 0x0000000100000000)
  eden space 23552K, 100% used [0x00000000d5580000,0x00000000d6c80000,0x00000000d6c80000)
  from space 1536K, 92% used [0x00000000d6e00000,0x00000000d6f64578,0x00000000d6f80000)
  to   space 2560K, 0% used [0x00000000d7100000,0x00000000d7100000,0x00000000d7380000)
 ParOldGen       total 68608K, used 13362K [0x0000000080000000, 0x0000000084300000, 0x00000000d5580000)
  object space 68608K, 19% used [0x0000000080000000,0x0000000080d0c880,0x0000000084300000)
 Metaspace       used 28089K, committed 29120K, reserved 1114112K
  class space    used 2780K, committed 3200K, reserved 1048576K
}
Event: 9.620 GC heap after
{Heap after GC invocations=11 (full 1):
 PSYoungGen      total 25600K, used 2536K [0x00000000d5580000, 0x00000000d7380000, 0x0000000100000000)
  eden space 23040K, 0% used [0x00000000d5580000,0x00000000d5580000,0x00000000d6c00000)
  from space 2560K, 99% used [0x00000000d7100000,0x00000000d737a2b0,0x00000000d7380000)
  to   space 3072K, 0% used [0x00000000d6d80000,0x00000000d6d80000,0x00000000d7080000)
 ParOldGen       total 68608K, used 14249K [0x0000000080000000, 0x0000000084300000, 0x00000000d5580000)
  object space 68608K, 20% used [0x0000000080000000,0x0000000080dea6d0,0x0000000084300000)
 Metaspace       used 28089K, committed 29120K, reserved 1114112K
  class space    used 2780K, committed 3200K, reserved 1048576K
}
Event: 10.074 GC heap before
{Heap before GC invocations=12 (full 1):
 PSYoungGen      total 25600K, used 25576K [0x00000000d5580000, 0x00000000d7380000, 0x0000000100000000)
  eden space 23040K, 100% used [0x00000000d5580000,0x00000000d6c00000,0x00000000d6c00000)
  from space 2560K, 99% used [0x00000000d7100000,0x00000000d737a2b0,0x00000000d7380000)
  to   space 3072K, 0% used [0x00000000d6d80000,0x00000000d6d80000,0x00000000d7080000)
 ParOldGen       total 68608K, used 14249K [0x0000000080000000, 0x0000000084300000, 0x00000000d5580000)
  object space 68608K, 20% used [0x0000000080000000,0x0000000080dea6d0,0x0000000084300000)
 Metaspace       used 31459K, committed 32512K, reserved 1114112K
  class space    used 3176K, committed 3584K, reserved 1048576K
}
Event: 10.077 GC heap after
{Heap after GC invocations=12 (full 1):
 PSYoungGen      total 24064K, used 1391K [0x00000000d5580000, 0x00000000d7180000, 0x0000000100000000)
  eden space 22528K, 0% used [0x00000000d5580000,0x00000000d5580000,0x00000000d6b80000)
  from space 1536K, 90% used [0x00000000d6d80000,0x00000000d6edbc00,0x00000000d6f00000)
  to   space 2048K, 0% used [0x00000000d6f80000,0x00000000d6f80000,0x00000000d7180000)
 ParOldGen       total 68608K, used 16658K [0x0000000080000000, 0x0000000084300000, 0x00000000d5580000)
  object space 68608K, 24% used [0x0000000080000000,0x0000000081044910,0x0000000084300000)
 Metaspace       used 31459K, committed 32512K, reserved 1114112K
  class space    used 3176K, committed 3584K, reserved 1048576K
}
Event: 10.250 GC heap before
{Heap before GC invocations=13 (full 1):
 PSYoungGen      total 24064K, used 23906K [0x00000000d5580000, 0x00000000d7180000, 0x0000000100000000)
  eden space 22528K, 99% used [0x00000000d5580000,0x00000000d6b7ced8,0x00000000d6b80000)
  from space 1536K, 90% used [0x00000000d6d80000,0x00000000d6edbc00,0x00000000d6f00000)
  to   space 2048K, 0% used [0x00000000d6f80000,0x00000000d6f80000,0x00000000d7180000)
 ParOldGen       total 68608K, used 16658K [0x0000000080000000, 0x0000000084300000, 0x00000000d5580000)
  object space 68608K, 24% used [0x0000000080000000,0x0000000081044910,0x0000000084300000)
 Metaspace       used 34190K, committed 35328K, reserved 1114112K
  class space    used 3539K, committed 4032K, reserved 1048576K
}
Event: 10.253 GC heap after
{Heap after GC invocations=13 (full 1):
 PSYoungGen      total 23552K, used 1504K [0x00000000d5580000, 0x00000000d7100000, 0x0000000100000000)
  eden space 22016K, 0% used [0x00000000d5580000,0x00000000d5580000,0x00000000d6b00000)
  from space 1536K, 97% used [0x00000000d6f80000,0x00000000d70f80a8,0x00000000d7100000)
  to   space 2048K, 0% used [0x00000000d6d00000,0x00000000d6d00000,0x00000000d6f00000)
 ParOldGen       total 68608K, used 17872K [0x0000000080000000, 0x0000000084300000, 0x00000000d5580000)
  object space 68608K, 26% used [0x0000000080000000,0x0000000081174038,0x0000000084300000)
 Metaspace       used 34190K, committed 35328K, reserved 1114112K
  class space    used 3539K, committed 4032K, reserved 1048576K
}
Event: 10.316 GC heap before
{Heap before GC invocations=14 (full 1):
 PSYoungGen      total 23552K, used 7645K [0x00000000d5580000, 0x00000000d7100000, 0x0000000100000000)
  eden space 22016K, 27% used [0x00000000d5580000,0x00000000d5b7f450,0x00000000d6b00000)
  from space 1536K, 97% used [0x00000000d6f80000,0x00000000d70f80a8,0x00000000d7100000)
  to   space 2048K, 0% used [0x00000000d6d00000,0x00000000d6d00000,0x00000000d6f00000)
 ParOldGen       total 68608K, used 17872K [0x0000000080000000, 0x0000000084300000, 0x00000000d5580000)
  object space 68608K, 26% used [0x0000000080000000,0x0000000081174038,0x0000000084300000)
 Metaspace       used 34751K, committed 35840K, reserved 1114112K
  class space    used 3609K, committed 4096K, reserved 1048576K
}
Event: 10.319 GC heap after
{Heap after GC invocations=14 (full 1):
 PSYoungGen      total 24064K, used 608K [0x00000000d5580000, 0x00000000d7000000, 0x0000000100000000)
  eden space 22016K, 0% used [0x00000000d5580000,0x00000000d5580000,0x00000000d6b00000)
  from space 2048K, 29% used [0x00000000d6d00000,0x00000000d6d98000,0x00000000d6f00000)
  to   space 1024K, 0% used [0x00000000d6f00000,0x00000000d6f00000,0x00000000d7000000)
 ParOldGen       total 68608K, used 19179K [0x0000000080000000, 0x0000000084300000, 0x00000000d5580000)
  object space 68608K, 27% used [0x0000000080000000,0x00000000812bafb8,0x0000000084300000)
 Metaspace       used 34751K, committed 35840K, reserved 1114112K
  class space    used 3609K, committed 4096K, reserved 1048576K
}
Event: 10.319 GC heap before
{Heap before GC invocations=15 (full 2):
 PSYoungGen      total 24064K, used 608K [0x00000000d5580000, 0x00000000d7000000, 0x0000000100000000)
  eden space 22016K, 0% used [0x00000000d5580000,0x00000000d5580000,0x00000000d6b00000)
  from space 2048K, 29% used [0x00000000d6d00000,0x00000000d6d98000,0x00000000d6f00000)
  to   space 1024K, 0% used [0x00000000d6f00000,0x00000000d6f00000,0x00000000d7000000)
 ParOldGen       total 68608K, used 19179K [0x0000000080000000, 0x0000000084300000, 0x00000000d5580000)
  object space 68608K, 27% used [0x0000000080000000,0x00000000812bafb8,0x0000000084300000)
 Metaspace       used 34751K, committed 35840K, reserved 1114112K
  class space    used 3609K, committed 4096K, reserved 1048576K
}
Event: 10.361 GC heap after
{Heap after GC invocations=15 (full 2):
 PSYoungGen      total 24064K, used 0K [0x00000000d5580000, 0x00000000d7000000, 0x0000000100000000)
  eden space 22016K, 0% used [0x00000000d5580000,0x00000000d5580000,0x00000000d6b00000)
  from space 2048K, 0% used [0x00000000d6d00000,0x00000000d6d00000,0x00000000d6f00000)
  to   space 1024K, 0% used [0x00000000d6f00000,0x00000000d6f00000,0x00000000d7000000)
 ParOldGen       total 68608K, used 18807K [0x0000000080000000, 0x0000000084300000, 0x00000000d5580000)
  object space 68608K, 27% used [0x0000000080000000,0x000000008125df70,0x0000000084300000)
 Metaspace       used 34751K, committed 35840K, reserved 1114112K
  class space    used 3609K, committed 4096K, reserved 1048576K
}
Event: 10.554 GC heap before
{Heap before GC invocations=16 (full 2):
 PSYoungGen      total 24064K, used 22016K [0x00000000d5580000, 0x00000000d7000000, 0x0000000100000000)
  eden space 22016K, 100% used [0x00000000d5580000,0x00000000d6b00000,0x00000000d6b00000)
  from space 2048K, 0% used [0x00000000d6d00000,0x00000000d6d00000,0x00000000d6f00000)
  to   space 1024K, 0% used [0x00000000d6f00000,0x00000000d6f00000,0x00000000d7000000)
 ParOldGen       total 68608K, used 18807K [0x0000000080000000, 0x0000000084300000, 0x00000000d5580000)
  object space 68608K, 27% used [0x0000000080000000,0x000000008125df70,0x0000000084300000)
 Metaspace       used 36436K, committed 37632K, reserved 1114112K
  class space    used 3852K, committed 4352K, reserved 1048576K
}
Event: 10.556 GC heap after
{Heap after GC invocations=16 (full 2):
 PSYoungGen      total 23040K, used 1021K [0x00000000d5580000, 0x00000000d7000000, 0x0000000100000000)
  eden space 22016K, 0% used [0x00000000d5580000,0x00000000d5580000,0x00000000d6b00000)
  from space 1024K, 99% used [0x00000000d6f00000,0x00000000d6fff6b0,0x00000000d7000000)
  to   space 2560K, 0% used [0x00000000d6b00000,0x00000000d6b00000,0x00000000d6d80000)
 ParOldGen       total 68608K, used 19771K [0x0000000080000000, 0x0000000084300000, 0x00000000d5580000)
  object space 68608K, 28% used [0x0000000080000000,0x000000008134efa0,0x0000000084300000)
 Metaspace       used 36436K, committed 37632K, reserved 1114112K
  class space    used 3852K, committed 4352K, reserved 1048576K
}
Event: 10.812 GC heap before
{Heap before GC invocations=17 (full 2):
 PSYoungGen      total 23040K, used 23037K [0x00000000d5580000, 0x00000000d7000000, 0x0000000100000000)
  eden space 22016K, 100% used [0x00000000d5580000,0x00000000d6b00000,0x00000000d6b00000)
  from space 1024K, 99% used [0x00000000d6f00000,0x00000000d6fff6b0,0x00000000d7000000)
  to   space 2560K, 0% used [0x00000000d6b00000,0x00000000d6b00000,0x00000000d6d80000)
 ParOldGen       total 68608K, used 19771K [0x0000000080000000, 0x0000000084300000, 0x00000000d5580000)
  object space 68608K, 28% used [0x0000000080000000,0x000000008134efa0,0x0000000084300000)
 Metaspace       used 38585K, committed 39808K, reserved 1114112K
  class space    used 4080K, committed 4608K, reserved 1048576K
}
Event: 10.814 GC heap after
{Heap after GC invocations=17 (full 2):
 PSYoungGen      total 24576K, used 1120K [0x00000000d5580000, 0x00000000d6f80000, 0x0000000100000000)
  eden space 22016K, 0% used [0x00000000d5580000,0x00000000d5580000,0x00000000d6b00000)
  from space 2560K, 43% used [0x00000000d6b00000,0x00000000d6c18000,0x00000000d6d80000)
  to   space 1536K, 0% used [0x00000000d6e00000,0x00000000d6e00000,0x00000000d6f80000)
 ParOldGen       total 68608K, used 20737K [0x0000000080000000, 0x0000000084300000, 0x00000000d5580000)
  object space 68608K, 30% used [0x0000000080000000,0x0000000081440650,0x0000000084300000)
 Metaspace       used 38585K, committed 39808K, reserved 1114112K
  class space    used 4080K, committed 4608K, reserved 1048576K
}
Event: 11.219 GC heap before
{Heap before GC invocations=18 (full 2):
 PSYoungGen      total 24576K, used 23136K [0x00000000d5580000, 0x00000000d6f80000, 0x0000000100000000)
  eden space 22016K, 100% used [0x00000000d5580000,0x00000000d6b00000,0x00000000d6b00000)
  from space 2560K, 43% used [0x00000000d6b00000,0x00000000d6c18000,0x00000000d6d80000)
  to   space 1536K, 0% used [0x00000000d6e00000,0x00000000d6e00000,0x00000000d6f80000)
 ParOldGen       total 68608K, used 20737K [0x0000000080000000, 0x0000000084300000, 0x00000000d5580000)
  object space 68608K, 30% used [0x0000000080000000,0x0000000081440650,0x0000000084300000)
 Metaspace       used 40155K, committed 41280K, reserved 1114112K
  class space    used 4291K, committed 4800K, reserved 1048576K
}
Event: 11.221 GC heap after
{Heap after GC invocations=18 (full 2):
 PSYoungGen      total 23040K, used 1536K [0x00000000d5580000, 0x00000000d7200000, 0x0000000100000000)
  eden space 21504K, 0% used [0x00000000d5580000,0x00000000d5580000,0x00000000d6a80000)
  from space 1536K, 100% used [0x00000000d6e00000,0x00000000d6f80000,0x00000000d6f80000)
  to   space 3584K, 0% used [0x00000000d6a80000,0x00000000d6a80000,0x00000000d6e00000)
 ParOldGen       total 68608K, used 22030K [0x0000000080000000, 0x0000000084300000, 0x00000000d5580000)
  object space 68608K, 32% used [0x0000000080000000,0x0000000081583950,0x0000000084300000)
 Metaspace       used 40155K, committed 41280K, reserved 1114112K
  class space    used 4291K, committed 4800K, reserved 1048576K
}
Event: 13.726 GC heap before
{Heap before GC invocations=19 (full 2):
 PSYoungGen      total 23040K, used 23040K [0x00000000d5580000, 0x00000000d7200000, 0x0000000100000000)
  eden space 21504K, 100% used [0x00000000d5580000,0x00000000d6a80000,0x00000000d6a80000)
  from space 1536K, 100% used [0x00000000d6e00000,0x00000000d6f80000,0x00000000d6f80000)
  to   space 3584K, 0% used [0x00000000d6a80000,0x00000000d6a80000,0x00000000d6e00000)
 ParOldGen       total 68608K, used 22030K [0x0000000080000000, 0x0000000084300000, 0x00000000d5580000)
  object space 68608K, 32% used [0x0000000080000000,0x0000000081583950,0x0000000084300000)
 Metaspace       used 42556K, committed 43776K, reserved 1114112K
  class space    used 4594K, committed 5120K, reserved 1048576K
}
Event: 13.729 GC heap after
{Heap after GC invocations=19 (full 2):
 PSYoungGen      total 23040K, used 1152K [0x00000000d5580000, 0x00000000d6e80000, 0x0000000100000000)
  eden space 21504K, 0% used [0x00000000d5580000,0x00000000d5580000,0x00000000d6a80000)
  from space 1536K, 75% used [0x00000000d6a80000,0x00000000d6ba0000,0x00000000d6c00000)
  to   space 2048K, 0% used [0x00000000d6c80000,0x00000000d6c80000,0x00000000d6e80000)
 ParOldGen       total 68608K, used 23500K [0x0000000080000000, 0x0000000084300000, 0x00000000d5580000)
  object space 68608K, 34% used [0x0000000080000000,0x00000000816f31c0,0x0000000084300000)
 Metaspace       used 42556K, committed 43776K, reserved 1114112K
  class space    used 4594K, committed 5120K, reserved 1048576K
}

